<?xml version="1.0" encoding="UTF-8"?>
<coverage generated="1677313694575" clover="3.2.0">
  <project timestamp="1677313694575" name="All files">
    <metrics statements="34" coveredstatements="34" conditionals="18" coveredconditionals="15" methods="13" coveredmethods="12" elements="65" coveredelements="61" complexity="0" loc="34" ncloc="34" packages="1" files="1" classes="1"/>
    <file name="Cameraimage.tsx" path="/Users/ngp1005/Desktop/native/imagegallerya/component/Cameraimage.tsx">
      <metrics statements="34" coveredstatements="34" conditionals="18" coveredconditionals="15" methods="13" coveredmethods="12"/>
      <line num="25" count="1" type="stmt"/>
      <line num="36" count="4" type="stmt"/>
      <line num="37" count="4" type="stmt"/>
      <line num="42" count="4" type="stmt"/>
      <line num="45" count="4" type="stmt"/>
      <line num="46" count="1" type="stmt"/>
      <line num="49" count="4" type="stmt"/>
      <line num="51" count="11" type="cond" truecount="2" falsecount="0"/>
      <line num="52" count="1" type="stmt"/>
      <line num="53" count="10" type="cond" truecount="2" falsecount="0"/>
      <line num="54" count="1" type="stmt"/>
      <line num="58" count="4" type="stmt"/>
      <line num="64" count="4" type="stmt"/>
      <line num="65" count="1" type="stmt"/>
      <line num="66" count="1" type="stmt"/>
      <line num="67" count="1" type="cond" truecount="5" falsecount="1"/>
      <line num="69" count="1" type="stmt"/>
      <line num="74" count="4" type="stmt"/>
      <line num="75" count="1" type="stmt"/>
      <line num="78" count="1" type="stmt"/>
      <line num="80" count="1" type="cond" truecount="1" falsecount="1"/>
      <line num="81" count="1" type="stmt"/>
      <line num="82" count="1" type="stmt"/>
      <line num="83" count="1" type="cond" truecount="5" falsecount="1"/>
      <line num="88" count="1" type="stmt"/>
      <line num="94" count="4" type="stmt"/>
      <line num="95" count="1" type="stmt"/>
      <line num="96" count="1" type="stmt"/>
      <line num="102" count="9" type="stmt"/>
      <line num="103" count="9" type="stmt"/>
      <line num="120" count="2" type="stmt"/>
      <line num="122" count="3" type="stmt"/>
      <line num="140" count="1" type="stmt"/>
      <line num="177" count="1" type="stmt"/>
    </file>
  </project>
</coverage>
