{"/Users/ngp1005/Desktop/native/imagegallerya/component/Cameraimage.tsx": {"path":"/Users/ngp1005/Desktop/native/imagegallerya/component/Cameraimage.tsx","statementMap":{"0":{"start":{"line":25,"column":20},"end":{"line":30,"column":1}},"1":{"start":{"line":36,"column":4},"end":{"line":36,"column":17}},"2":{"start":{"line":37,"column":4},"end":{"line":41,"column":6}},"3":{"start":{"line":42,"column":4},"end":{"line":42,"column":41}},"4":{"start":{"line":45,"column":20},"end":{"line":47,"column":3}},"5":{"start":{"line":46,"column":4},"end":{"line":46,"column":36}},"6":{"start":{"line":49,"column":16},"end":{"line":56,"column":3}},"7":{"start":{"line":51,"column":4},"end":{"line":55,"column":5}},"8":{"start":{"line":52,"column":6},"end":{"line":52,"column":32}},"9":{"start":{"line":53,"column":11},"end":{"line":55,"column":5}},"10":{"start":{"line":54,"column":6},"end":{"line":54,"column":26}},"11":{"start":{"line":58,"column":17},"end":{"line":62,"column":3}},"12":{"start":{"line":64,"column":23},"end":{"line":72,"column":3}},"13":{"start":{"line":65,"column":24},"end":{"line":65,"column":62}},"14":{"start":{"line":66,"column":4},"end":{"line":66,"column":34}},"15":{"start":{"line":67,"column":4},"end":{"line":71,"column":13}},"16":{"start":{"line":69,"column":10},"end":{"line":69,"column":74}},"17":{"start":{"line":74,"column":17},"end":{"line":92,"column":3}},"18":{"start":{"line":75,"column":25},"end":{"line":77,"column":5}},"19":{"start":{"line":78,"column":4},"end":{"line":78,"column":72}},"20":{"start":{"line":80,"column":4},"end":{"line":91,"column":5}},"21":{"start":{"line":81,"column":32},"end":{"line":81,"column":64}},"22":{"start":{"line":82,"column":6},"end":{"line":82,"column":48}},"23":{"start":{"line":83,"column":6},"end":{"line":90,"column":15}},"24":{"start":{"line":88,"column":12},"end":{"line":88,"column":76}},"25":{"start":{"line":94,"column":15},"end":{"line":99,"column":3}},"26":{"start":{"line":95,"column":23},"end":{"line":95,"column":79}},"27":{"start":{"line":95,"column":70},"end":{"line":95,"column":78}},"28":{"start":{"line":96,"column":4},"end":{"line":98,"column":7}},"29":{"start":{"line":102,"column":4},"end":{"line":102,"column":41}},"30":{"start":{"line":103,"column":4},"end":{"line":172,"column":6}},"31":{"start":{"line":120,"column":49},"end":{"line":120,"column":65}},"32":{"start":{"line":122,"column":18},"end":{"line":148,"column":20}},"33":{"start":{"line":140,"column":41},"end":{"line":140,"column":63}},"34":{"start":{"line":177,"column":15},"end":{"line":270,"column":2}}},"fnMap":{"0":{"name":"(anonymous_0)","decl":{"start":{"line":35,"column":2},"end":{"line":35,"column":3}},"loc":{"start":{"line":35,"column":29},"end":{"line":43,"column":3}},"line":35},"1":{"name":"(anonymous_1)","decl":{"start":{"line":45,"column":20},"end":{"line":45,"column":21}},"loc":{"start":{"line":45,"column":26},"end":{"line":47,"column":3}},"line":45},"2":{"name":"(anonymous_2)","decl":{"start":{"line":49,"column":16},"end":{"line":49,"column":17}},"loc":{"start":{"line":49,"column":32},"end":{"line":56,"column":3}},"line":49},"3":{"name":"(anonymous_3)","decl":{"start":{"line":64,"column":23},"end":{"line":64,"column":24}},"loc":{"start":{"line":64,"column":35},"end":{"line":72,"column":3}},"line":64},"4":{"name":"(anonymous_4)","decl":{"start":{"line":68,"column":55},"end":{"line":68,"column":56}},"loc":{"start":{"line":68,"column":61},"end":{"line":70,"column":9}},"line":68},"5":{"name":"(anonymous_5)","decl":{"start":{"line":74,"column":17},"end":{"line":74,"column":18}},"loc":{"start":{"line":74,"column":29},"end":{"line":92,"column":3}},"line":74},"6":{"name":"(anonymous_6)","decl":{"start":{"line":87,"column":63},"end":{"line":87,"column":64}},"loc":{"start":{"line":87,"column":69},"end":{"line":89,"column":11}},"line":87},"7":{"name":"(anonymous_7)","decl":{"start":{"line":94,"column":15},"end":{"line":94,"column":16}},"loc":{"start":{"line":94,"column":29},"end":{"line":99,"column":3}},"line":94},"8":{"name":"(anonymous_8)","decl":{"start":{"line":95,"column":47},"end":{"line":95,"column":48}},"loc":{"start":{"line":95,"column":70},"end":{"line":95,"column":78}},"line":95},"9":{"name":"(anonymous_9)","decl":{"start":{"line":101,"column":2},"end":{"line":101,"column":3}},"loc":{"start":{"line":101,"column":11},"end":{"line":173,"column":3}},"line":101},"10":{"name":"(anonymous_10)","decl":{"start":{"line":120,"column":30},"end":{"line":120,"column":31}},"loc":{"start":{"line":120,"column":49},"end":{"line":120,"column":65}},"line":120},"11":{"name":"(anonymous_11)","decl":{"start":{"line":121,"column":28},"end":{"line":121,"column":29}},"loc":{"start":{"line":121,"column":52},"end":{"line":149,"column":17}},"line":121},"12":{"name":"(anonymous_12)","decl":{"start":{"line":140,"column":35},"end":{"line":140,"column":36}},"loc":{"start":{"line":140,"column":41},"end":{"line":140,"column":63}},"line":140}},"branchMap":{"0":{"loc":{"start":{"line":51,"column":4},"end":{"line":55,"column":5}},"type":"if","locations":[{"start":{"line":51,"column":4},"end":{"line":55,"column":5}},{"start":{"line":53,"column":11},"end":{"line":55,"column":5}}],"line":51},"1":{"loc":{"start":{"line":53,"column":11},"end":{"line":55,"column":5}},"type":"if","locations":[{"start":{"line":53,"column":11},"end":{"line":55,"column":5}},{"start":{},"end":{}}],"line":53},"2":{"loc":{"start":{"line":67,"column":4},"end":{"line":71,"column":12}},"type":"cond-expr","locations":[{"start":{"line":68,"column":8},"end":{"line":70,"column":10}},{"start":{"line":71,"column":8},"end":{"line":71,"column":12}}],"line":67},"3":{"loc":{"start":{"line":67,"column":4},"end":{"line":67,"column":79}},"type":"binary-expr","locations":[{"start":{"line":67,"column":4},"end":{"line":67,"column":10}},{"start":{"line":67,"column":14},"end":{"line":67,"column":27}},{"start":{"line":67,"column":31},"end":{"line":67,"column":55}},{"start":{"line":67,"column":59},"end":{"line":67,"column":79}}],"line":67},"4":{"loc":{"start":{"line":80,"column":4},"end":{"line":91,"column":5}},"type":"if","locations":[{"start":{"line":80,"column":4},"end":{"line":91,"column":5}},{"start":{},"end":{}}],"line":80},"5":{"loc":{"start":{"line":83,"column":6},"end":{"line":90,"column":14}},"type":"cond-expr","locations":[{"start":{"line":87,"column":10},"end":{"line":89,"column":12}},{"start":{"line":90,"column":10},"end":{"line":90,"column":14}}],"line":83},"6":{"loc":{"start":{"line":83,"column":6},"end":{"line":86,"column":32}},"type":"binary-expr","locations":[{"start":{"line":83,"column":6},"end":{"line":83,"column":18}},{"start":{"line":84,"column":6},"end":{"line":84,"column":25}},{"start":{"line":85,"column":6},"end":{"line":85,"column":36}},{"start":{"line":86,"column":6},"end":{"line":86,"column":32}}],"line":83}},"s":{"0":1,"1":4,"2":4,"3":4,"4":4,"5":1,"6":4,"7":11,"8":1,"9":10,"10":1,"11":4,"12":4,"13":1,"14":1,"15":1,"16":1,"17":4,"18":1,"19":1,"20":1,"21":1,"22":1,"23":1,"24":1,"25":4,"26":1,"27":0,"28":1,"29":9,"30":9,"31":2,"32":3,"33":1,"34":1},"f":{"0":4,"1":1,"2":11,"3":1,"4":1,"5":1,"6":1,"7":1,"8":0,"9":9,"10":2,"11":3,"12":1},"b":{"0":[1,10],"1":[1,9],"2":[1,0],"3":[1,1,1,1],"4":[1,0],"5":[1,0],"6":[1,1,1,1]},"_coverageSchema":"1a1c01bbd47fc00a2c39e90264f33305004495a9","hash":"e4118f1ae01a1b8eb375ceaa9a2d973f94d7e33a"}
}
