TN:
SF:component/Cameraimage.tsx
FN:35,(anonymous_0)
FN:45,(anonymous_1)
FN:49,(anonymous_2)
FN:64,(anonymous_3)
FN:68,(anonymous_4)
FN:74,(anonymous_5)
FN:87,(anonymous_6)
FN:94,(anonymous_7)
FN:95,(anonymous_8)
FN:101,(anonymous_9)
FN:120,(anonymous_10)
FN:121,(anonymous_11)
FN:140,(anonymous_12)
FNF:13
FNH:12
FNDA:4,(anonymous_0)
FNDA:1,(anonymous_1)
FNDA:11,(anonymous_2)
FNDA:1,(anonymous_3)
FNDA:1,(anonymous_4)
FNDA:1,(anonymous_5)
FNDA:1,(anonymous_6)
FNDA:1,(anonymous_7)
FNDA:0,(anonymous_8)
FNDA:9,(anonymous_9)
FNDA:2,(anonymous_10)
FNDA:3,(anonymous_11)
FNDA:1,(anonymous_12)
DA:25,1
DA:36,4
DA:37,4
DA:42,4
DA:45,4
DA:46,1
DA:49,4
DA:51,11
DA:52,1
DA:53,10
DA:54,1
DA:58,4
DA:64,4
DA:65,1
DA:66,1
DA:67,1
DA:69,1
DA:74,4
DA:75,1
DA:78,1
DA:80,1
DA:81,1
DA:82,1
DA:83,1
DA:88,1
DA:94,4
DA:95,1
DA:96,1
DA:102,9
DA:103,9
DA:120,2
DA:122,3
DA:140,1
DA:177,1
LF:34
LH:34
BRDA:51,0,0,1
BRDA:51,0,1,10
BRDA:53,1,0,1
BRDA:53,1,1,9
BRDA:67,2,0,1
BRDA:67,2,1,0
BRDA:67,3,0,1
BRDA:67,3,1,1
BRDA:67,3,2,1
BRDA:67,3,3,1
BRDA:80,4,0,1
BRDA:80,4,1,0
BRDA:83,5,0,1
BRDA:83,5,1,0
BRDA:83,6,0,1
BRDA:83,6,1,1
BRDA:83,6,2,1
BRDA:83,6,3,1
BRF:18
BRH:15
end_of_record
