<?xml version="1.0" encoding="UTF-8"?>
<coverage generated="1677677529940" clover="3.2.0">
  <project timestamp="1677677529940" name="All files">
    <metrics statements="15" coveredstatements="14" conditionals="0" coveredconditionals="0" methods="6" coveredmethods="5" elements="21" coveredelements="19" complexity="0" loc="15" ncloc="15" packages="2" files="4" classes="4"/>
    <package name="component">
      <metrics statements="12" coveredstatements="11" conditionals="0" coveredconditionals="0" methods="6" coveredmethods="5"/>
      <file name="Login.tsx" path="/Users/ngp1005/Desktop/native/testfigma/component/Login.tsx">
        <metrics statements="12" coveredstatements="11" conditionals="0" coveredconditionals="0" methods="6" coveredmethods="5"/>
        <line num="30" count="5" type="stmt"/>
        <line num="37" count="5" type="stmt"/>
        <line num="38" count="0" type="stmt"/>
        <line num="41" count="5" type="stmt"/>
        <line num="42" count="1" type="stmt"/>
        <line num="46" count="1" type="stmt"/>
        <line num="47" count="1" type="stmt"/>
        <line num="50" count="10" type="stmt"/>
        <line num="74" count="1" type="stmt"/>
        <line num="92" count="2" type="stmt"/>
        <line num="111" count="2" type="stmt"/>
        <line num="185" count="1" type="stmt"/>
      </file>
    </package>
    <package name="component.assetsimage">
      <metrics statements="3" coveredstatements="3" conditionals="0" coveredconditionals="0" methods="0" coveredmethods="0"/>
      <file name="Subtract.png" path="/Users/ngp1005/Desktop/native/testfigma/component/assetsimage/Subtract.png">
        <metrics statements="1" coveredstatements="1" conditionals="0" coveredconditionals="0" methods="0" coveredmethods="0"/>
        <line num="1" count="1" type="stmt"/>
      </file>
      <file name="image11.png" path="/Users/ngp1005/Desktop/native/testfigma/component/assetsimage/image11.png">
        <metrics statements="1" coveredstatements="1" conditionals="0" coveredconditionals="0" methods="0" coveredmethods="0"/>
        <line num="1" count="1" type="stmt"/>
      </file>
      <file name="touchlogin.png" path="/Users/ngp1005/Desktop/native/testfigma/component/assetsimage/touchlogin.png">
        <metrics statements="1" coveredstatements="1" conditionals="0" coveredconditionals="0" methods="0" coveredmethods="0"/>
        <line num="1" count="1" type="stmt"/>
      </file>
    </package>
  </project>
</coverage>
