{"/Users/ngp1005/Desktop/native/testfigma/component/Login.tsx": {"path":"/Users/ngp1005/Desktop/native/testfigma/component/Login.tsx","statementMap":{"0":{"start":{"line":30,"column":10},"end":{"line":35,"column":3}},"1":{"start":{"line":37,"column":25},"end":{"line":39,"column":3}},"2":{"start":{"line":38,"column":4},"end":{"line":38,"column":54}},"3":{"start":{"line":41,"column":17},"end":{"line":48,"column":3}},"4":{"start":{"line":42,"column":14},"end":{"line":45,"column":5}},"5":{"start":{"line":46,"column":4},"end":{"line":46,"column":53}},"6":{"start":{"line":47,"column":4},"end":{"line":47,"column":33}},"7":{"start":{"line":50,"column":4},"end":{"line":179,"column":6}},"8":{"start":{"line":74,"column":29},"end":{"line":74,"column":71}},"9":{"start":{"line":92,"column":16},"end":{"line":92,"column":55}},"10":{"start":{"line":111,"column":16},"end":{"line":111,"column":60}},"11":{"start":{"line":185,"column":15},"end":{"line":388,"column":2}}},"fnMap":{"0":{"name":"(anonymous_0)","decl":{"start":{"line":37,"column":25},"end":{"line":37,"column":26}},"loc":{"start":{"line":37,"column":31},"end":{"line":39,"column":3}},"line":37},"1":{"name":"(anonymous_1)","decl":{"start":{"line":41,"column":17},"end":{"line":41,"column":18}},"loc":{"start":{"line":41,"column":23},"end":{"line":48,"column":3}},"line":41},"2":{"name":"(anonymous_2)","decl":{"start":{"line":49,"column":2},"end":{"line":49,"column":3}},"loc":{"start":{"line":49,"column":11},"end":{"line":180,"column":3}},"line":49},"3":{"name":"(anonymous_3)","decl":{"start":{"line":74,"column":23},"end":{"line":74,"column":24}},"loc":{"start":{"line":74,"column":29},"end":{"line":74,"column":71}},"line":74},"4":{"name":"(anonymous_4)","decl":{"start":{"line":91,"column":28},"end":{"line":91,"column":29}},"loc":{"start":{"line":92,"column":16},"end":{"line":92,"column":55}},"line":92},"5":{"name":"(anonymous_5)","decl":{"start":{"line":110,"column":28},"end":{"line":110,"column":29}},"loc":{"start":{"line":111,"column":16},"end":{"line":111,"column":60}},"line":111}},"branchMap":{},"s":{"0":5,"1":5,"2":0,"3":5,"4":1,"5":1,"6":1,"7":10,"8":1,"9":2,"10":2,"11":1},"f":{"0":0,"1":1,"2":10,"3":1,"4":2,"5":2},"b":{},"_coverageSchema":"1a1c01bbd47fc00a2c39e90264f33305004495a9","hash":"c99af5ceee5caff6bea03b1b3a3b24ef777da9d5"}
,"/Users/ngp1005/Desktop/native/testfigma/component/assetsimage/Subtract.png": {"path":"/Users/ngp1005/Desktop/native/testfigma/component/assetsimage/Subtract.png","statementMap":{"0":{"start":{"line":1,"column":0},"end":{"line":4,"column":6}}},"fnMap":{},"branchMap":{},"s":{"0":1},"f":{},"b":{},"_coverageSchema":"1a1c01bbd47fc00a2c39e90264f33305004495a9","hash":"129b64977494a02985c057cf6a68bbbb3b93789d"}
,"/Users/ngp1005/Desktop/native/testfigma/component/assetsimage/image11.png": {"path":"/Users/ngp1005/Desktop/native/testfigma/component/assetsimage/image11.png","statementMap":{"0":{"start":{"line":1,"column":0},"end":{"line":4,"column":6}}},"fnMap":{},"branchMap":{},"s":{"0":1},"f":{},"b":{},"_coverageSchema":"1a1c01bbd47fc00a2c39e90264f33305004495a9","hash":"1b2ba99fa3132732f4ef0841a841f136b4c12d98"}
,"/Users/ngp1005/Desktop/native/testfigma/component/assetsimage/touchlogin.png": {"path":"/Users/ngp1005/Desktop/native/testfigma/component/assetsimage/touchlogin.png","statementMap":{"0":{"start":{"line":1,"column":0},"end":{"line":4,"column":6}}},"fnMap":{},"branchMap":{},"s":{"0":1},"f":{},"b":{},"_coverageSchema":"1a1c01bbd47fc00a2c39e90264f33305004495a9","hash":"91a091bf3b19abdb9daf8084d5b3e1aaa28fa3a4"}
}
