TN:
SF:component/Login.tsx
FN:37,(anonymous_0)
FN:41,(anonymous_1)
FN:49,(anonymous_2)
FN:74,(anonymous_3)
FN:91,(anonymous_4)
FN:110,(anonymous_5)
FNF:6
FNH:5
FNDA:0,(anonymous_0)
FNDA:1,(anonymous_1)
FNDA:10,(anonymous_2)
FNDA:1,(anonymous_3)
FNDA:2,(anonymous_4)
FNDA:2,(anonymous_5)
DA:30,5
DA:37,5
DA:38,0
DA:41,5
DA:42,1
DA:46,1
DA:47,1
DA:50,10
DA:74,1
DA:92,2
DA:111,2
DA:185,1
LF:12
LH:11
BRF:0
BRH:0
end_of_record
TN:
SF:component/assetsimage/Subtract.png
FNF:0
FNH:0
DA:1,1
LF:1
LH:1
BRF:0
BRH:0
end_of_record
TN:
SF:component/assetsimage/image11.png
FNF:0
FNH:0
DA:1,1
LF:1
LH:1
BRF:0
BRH:0
end_of_record
TN:
SF:component/assetsimage/touchlogin.png
FNF:0
FNH:0
DA:1,1
LF:1
LH:1
BRF:0
BRH:0
end_of_record
