{"/Users/ngp1005/Desktop/native/responsivedesign/App.tsx": {"path":"/Users/ngp1005/Desktop/native/responsivedesign/App.tsx","statementMap":{"0":{"start":{"line":4,"column":18},"end":{"line":33,"column":1}},"1":{"start":{"line":5,"column":28},"end":{"line":5,"column":45}},"2":{"start":{"line":6,"column":34},"end":{"line":6,"column":51}},"3":{"start":{"line":8,"column":28},"end":{"line":8,"column":56}},"4":{"start":{"line":8,"column":42},"end":{"line":8,"column":56}},"5":{"start":{"line":9,"column":31},"end":{"line":9,"column":62}},"6":{"start":{"line":9,"column":45},"end":{"line":9,"column":62}},"7":{"start":{"line":11,"column":22},"end":{"line":13,"column":3}},"8":{"start":{"line":15,"column":2},"end":{"line":32,"column":4}},"9":{"start":{"line":35,"column":15},"end":{"line":49,"column":2}}},"fnMap":{"0":{"name":"(anonymous_0)","decl":{"start":{"line":4,"column":18},"end":{"line":4,"column":19}},"loc":{"start":{"line":4,"column":24},"end":{"line":33,"column":1}},"line":4},"1":{"name":"(anonymous_1)","decl":{"start":{"line":8,"column":28},"end":{"line":8,"column":29}},"loc":{"start":{"line":8,"column":42},"end":{"line":8,"column":56}},"line":8},"2":{"name":"(anonymous_2)","decl":{"start":{"line":9,"column":31},"end":{"line":9,"column":32}},"loc":{"start":{"line":9,"column":45},"end":{"line":9,"column":62}},"line":9},"3":{"name":"(anonymous_3)","decl":{"start":{"line":11,"column":22},"end":{"line":11,"column":23}},"loc":{"start":{"line":11,"column":27},"end":{"line":13,"column":3}},"line":11}},"branchMap":{},"s":{"0":1,"1":4,"2":4,"3":4,"4":1,"5":4,"6":1,"7":4,"8":4,"9":1},"f":{"0":4,"1":1,"2":1,"3":0},"b":{},"_coverageSchema":"1a1c01bbd47fc00a2c39e90264f33305004495a9","hash":"6d875b3ebd71bf808743685c822cc8266b112308"}
}
