<?xml version="1.0" encoding="UTF-8"?>
<coverage generated="1679141981828" clover="3.2.0">
  <project timestamp="1679141981828" name="All files">
    <metrics statements="45" coveredstatements="37" conditionals="16" coveredconditionals="8" methods="16" coveredmethods="16" elements="77" coveredelements="61" complexity="0" loc="45" ncloc="45" packages="2" files="2" classes="2"/>
    <package name="formvalidationnative">
      <metrics statements="1" coveredstatements="1" conditionals="0" coveredconditionals="0" methods="1" coveredmethods="1"/>
      <file name="App.tsx" path="/Users/ngp1005/Desktop/native/formvalidationnative/App.tsx">
        <metrics statements="1" coveredstatements="1" conditionals="0" coveredconditionals="0" methods="1" coveredmethods="1"/>
        <line num="8" count="1" type="stmt"/>
      </file>
    </package>
    <package name="formvalidationnative.formdata">
      <metrics statements="44" coveredstatements="36" conditionals="16" coveredconditionals="8" methods="15" coveredmethods="15"/>
      <file name="Formonchange.tsx" path="/Users/ngp1005/Desktop/native/formvalidationnative/formdata/Formonchange.tsx">
        <metrics statements="44" coveredstatements="36" conditionals="16" coveredconditionals="8" methods="15" coveredmethods="15"/>
        <line num="23" count="7" type="stmt"/>
        <line num="25" count="7" type="stmt"/>
        <line num="37" count="7" type="stmt"/>
        <line num="38" count="1" type="stmt"/>
        <line num="40" count="1" type="cond" truecount="1" falsecount="1"/>
        <line num="41" count="0" type="stmt"/>
        <line num="42" count="1" type="cond" truecount="1" falsecount="1"/>
        <line num="43" count="0" type="stmt"/>
        <line num="45" count="1" type="stmt"/>
        <line num="49" count="7" type="stmt"/>
        <line num="50" count="1" type="stmt"/>
        <line num="51" count="1" type="stmt"/>
        <line num="53" count="1" type="cond" truecount="1" falsecount="1"/>
        <line num="54" count="0" type="stmt"/>
        <line num="55" count="1" type="cond" truecount="1" falsecount="1"/>
        <line num="56" count="0" type="stmt"/>
        <line num="58" count="1" type="stmt"/>
        <line num="62" count="7" type="stmt"/>
        <line num="63" count="1" type="stmt"/>
        <line num="65" count="1" type="cond" truecount="1" falsecount="1"/>
        <line num="66" count="0" type="stmt"/>
        <line num="67" count="1" type="cond" truecount="1" falsecount="1"/>
        <line num="68" count="0" type="stmt"/>
        <line num="72" count="1" type="stmt"/>
        <line num="76" count="7" type="stmt"/>
        <line num="77" count="1" type="stmt"/>
        <line num="79" count="1" type="cond" truecount="1" falsecount="1"/>
        <line num="80" count="0" type="stmt"/>
        <line num="81" count="1" type="cond" truecount="1" falsecount="1"/>
        <line num="82" count="1" type="stmt"/>
        <line num="84" count="0" type="stmt"/>
        <line num="88" count="7" type="stmt"/>
        <line num="89" count="1" type="stmt"/>
        <line num="106" count="15" type="stmt"/>
        <line num="108" count="15" type="stmt"/>
        <line num="115" count="1" type="stmt"/>
        <line num="116" count="1" type="stmt"/>
        <line num="128" count="1" type="stmt"/>
        <line num="129" count="1" type="stmt"/>
        <line num="140" count="1" type="stmt"/>
        <line num="141" count="1" type="stmt"/>
        <line num="153" count="1" type="stmt"/>
        <line num="154" count="1" type="stmt"/>
        <line num="171" count="2" type="stmt"/>
      </file>
    </package>
  </project>
</coverage>
