{"/Users/ngp1005/Desktop/native/formvalidationnative/App.tsx": {"path":"/Users/ngp1005/Desktop/native/formvalidationnative/App.tsx","statementMap":{"0":{"start":{"line":8,"column":4},"end":{"line":14,"column":6}}},"fnMap":{"0":{"name":"(anonymous_0)","decl":{"start":{"line":7,"column":2},"end":{"line":7,"column":3}},"loc":{"start":{"line":7,"column":11},"end":{"line":15,"column":3}},"line":7}},"branchMap":{},"s":{"0":1},"f":{"0":1},"b":{},"_coverageSchema":"1a1c01bbd47fc00a2c39e90264f33305004495a9","hash":"9c44b31ced4cdb9280195b128e59a7645a604093"}
,"/Users/ngp1005/Desktop/native/formvalidationnative/formdata/Formonchange.tsx": {"path":"/Users/ngp1005/Desktop/native/formvalidationnative/formdata/Formonchange.tsx","statementMap":{"0":{"start":{"line":23,"column":4},"end":{"line":23,"column":17}},"1":{"start":{"line":25,"column":4},"end":{"line":34,"column":6}},"2":{"start":{"line":37,"column":17},"end":{"line":47,"column":3}},"3":{"start":{"line":38,"column":19},"end":{"line":38,"column":29}},"4":{"start":{"line":39,"column":4},"end":{"line":39,"column":48}},"5":{"start":{"line":40,"column":4},"end":{"line":46,"column":5}},"6":{"start":{"line":41,"column":6},"end":{"line":41,"column":58}},"7":{"start":{"line":42,"column":11},"end":{"line":46,"column":5}},"8":{"start":{"line":43,"column":6},"end":{"line":43,"column":76}},"9":{"start":{"line":45,"column":6},"end":{"line":45,"column":37}},"10":{"start":{"line":49,"column":18},"end":{"line":60,"column":3}},"11":{"start":{"line":50,"column":20},"end":{"line":50,"column":30}},"12":{"start":{"line":51,"column":23},"end":{"line":51,"column":51}},"13":{"start":{"line":53,"column":4},"end":{"line":59,"column":5}},"14":{"start":{"line":54,"column":6},"end":{"line":54,"column":61}},"15":{"start":{"line":55,"column":11},"end":{"line":59,"column":5}},"16":{"start":{"line":56,"column":6},"end":{"line":56,"column":64}},"17":{"start":{"line":58,"column":6},"end":{"line":58,"column":38}},"18":{"start":{"line":62,"column":21},"end":{"line":74,"column":3}},"19":{"start":{"line":63,"column":23},"end":{"line":63,"column":33}},"20":{"start":{"line":65,"column":4},"end":{"line":73,"column":5}},"21":{"start":{"line":66,"column":6},"end":{"line":66,"column":67}},"22":{"start":{"line":67,"column":11},"end":{"line":73,"column":5}},"23":{"start":{"line":68,"column":6},"end":{"line":70,"column":9}},"24":{"start":{"line":72,"column":6},"end":{"line":72,"column":41}},"25":{"start":{"line":76,"column":28},"end":{"line":86,"column":3}},"26":{"start":{"line":77,"column":40},"end":{"line":77,"column":50}},"27":{"start":{"line":79,"column":4},"end":{"line":85,"column":5}},"28":{"start":{"line":80,"column":6},"end":{"line":80,"column":76}},"29":{"start":{"line":81,"column":11},"end":{"line":85,"column":5}},"30":{"start":{"line":82,"column":6},"end":{"line":82,"column":70}},"31":{"start":{"line":84,"column":6},"end":{"line":84,"column":48}},"32":{"start":{"line":88,"column":17},"end":{"line":95,"column":3}},"33":{"start":{"line":89,"column":4},"end":{"line":94,"column":6}},"34":{"start":{"line":106,"column":8},"end":{"line":106,"column":18}},"35":{"start":{"line":108,"column":4},"end":{"line":166,"column":6}},"36":{"start":{"line":115,"column":12},"end":{"line":117,"column":15}},"37":{"start":{"line":116,"column":14},"end":{"line":116,"column":34}},"38":{"start":{"line":128,"column":12},"end":{"line":130,"column":15}},"39":{"start":{"line":129,"column":14},"end":{"line":129,"column":35}},"40":{"start":{"line":140,"column":12},"end":{"line":142,"column":15}},"41":{"start":{"line":141,"column":14},"end":{"line":141,"column":38}},"42":{"start":{"line":153,"column":12},"end":{"line":155,"column":15}},"43":{"start":{"line":154,"column":14},"end":{"line":154,"column":45}},"44":{"start":{"line":171,"column":15},"end":{"line":199,"column":2}}},"fnMap":{"0":{"name":"(anonymous_0)","decl":{"start":{"line":22,"column":2},"end":{"line":22,"column":3}},"loc":{"start":{"line":22,"column":25},"end":{"line":35,"column":3}},"line":22},"1":{"name":"(anonymous_1)","decl":{"start":{"line":37,"column":17},"end":{"line":37,"column":18}},"loc":{"start":{"line":37,"column":23},"end":{"line":47,"column":3}},"line":37},"2":{"name":"(anonymous_2)","decl":{"start":{"line":49,"column":18},"end":{"line":49,"column":19}},"loc":{"start":{"line":49,"column":24},"end":{"line":60,"column":3}},"line":49},"3":{"name":"(anonymous_3)","decl":{"start":{"line":62,"column":21},"end":{"line":62,"column":22}},"loc":{"start":{"line":62,"column":27},"end":{"line":74,"column":3}},"line":62},"4":{"name":"(anonymous_4)","decl":{"start":{"line":76,"column":28},"end":{"line":76,"column":29}},"loc":{"start":{"line":76,"column":34},"end":{"line":86,"column":3}},"line":76},"5":{"name":"(anonymous_5)","decl":{"start":{"line":88,"column":17},"end":{"line":88,"column":18}},"loc":{"start":{"line":88,"column":23},"end":{"line":95,"column":3}},"line":88},"6":{"name":"(anonymous_6)","decl":{"start":{"line":96,"column":2},"end":{"line":96,"column":3}},"loc":{"start":{"line":96,"column":11},"end":{"line":167,"column":3}},"line":96},"7":{"name":"(anonymous_7)","decl":{"start":{"line":114,"column":24},"end":{"line":114,"column":25}},"loc":{"start":{"line":114,"column":32},"end":{"line":118,"column":11}},"line":114},"8":{"name":"(anonymous_8)","decl":{"start":{"line":115,"column":34},"end":{"line":115,"column":35}},"loc":{"start":{"line":115,"column":40},"end":{"line":117,"column":13}},"line":115},"9":{"name":"(anonymous_9)","decl":{"start":{"line":127,"column":24},"end":{"line":127,"column":25}},"loc":{"start":{"line":127,"column":33},"end":{"line":131,"column":11}},"line":127},"10":{"name":"(anonymous_10)","decl":{"start":{"line":128,"column":35},"end":{"line":128,"column":36}},"loc":{"start":{"line":128,"column":41},"end":{"line":130,"column":13}},"line":128},"11":{"name":"(anonymous_11)","decl":{"start":{"line":139,"column":24},"end":{"line":139,"column":25}},"loc":{"start":{"line":139,"column":36},"end":{"line":143,"column":11}},"line":139},"12":{"name":"(anonymous_12)","decl":{"start":{"line":140,"column":38},"end":{"line":140,"column":39}},"loc":{"start":{"line":140,"column":44},"end":{"line":142,"column":13}},"line":140},"13":{"name":"(anonymous_13)","decl":{"start":{"line":152,"column":24},"end":{"line":152,"column":25}},"loc":{"start":{"line":152,"column":43},"end":{"line":156,"column":11}},"line":152},"14":{"name":"(anonymous_14)","decl":{"start":{"line":153,"column":45},"end":{"line":153,"column":46}},"loc":{"start":{"line":153,"column":51},"end":{"line":155,"column":13}},"line":153}},"branchMap":{"0":{"loc":{"start":{"line":40,"column":4},"end":{"line":46,"column":5}},"type":"if","locations":[{"start":{"line":40,"column":4},"end":{"line":46,"column":5}},{"start":{"line":42,"column":11},"end":{"line":46,"column":5}}],"line":40},"1":{"loc":{"start":{"line":42,"column":11},"end":{"line":46,"column":5}},"type":"if","locations":[{"start":{"line":42,"column":11},"end":{"line":46,"column":5}},{"start":{"line":44,"column":11},"end":{"line":46,"column":5}}],"line":42},"2":{"loc":{"start":{"line":53,"column":4},"end":{"line":59,"column":5}},"type":"if","locations":[{"start":{"line":53,"column":4},"end":{"line":59,"column":5}},{"start":{"line":55,"column":11},"end":{"line":59,"column":5}}],"line":53},"3":{"loc":{"start":{"line":55,"column":11},"end":{"line":59,"column":5}},"type":"if","locations":[{"start":{"line":55,"column":11},"end":{"line":59,"column":5}},{"start":{"line":57,"column":11},"end":{"line":59,"column":5}}],"line":55},"4":{"loc":{"start":{"line":65,"column":4},"end":{"line":73,"column":5}},"type":"if","locations":[{"start":{"line":65,"column":4},"end":{"line":73,"column":5}},{"start":{"line":67,"column":11},"end":{"line":73,"column":5}}],"line":65},"5":{"loc":{"start":{"line":67,"column":11},"end":{"line":73,"column":5}},"type":"if","locations":[{"start":{"line":67,"column":11},"end":{"line":73,"column":5}},{"start":{"line":71,"column":11},"end":{"line":73,"column":5}}],"line":67},"6":{"loc":{"start":{"line":79,"column":4},"end":{"line":85,"column":5}},"type":"if","locations":[{"start":{"line":79,"column":4},"end":{"line":85,"column":5}},{"start":{"line":81,"column":11},"end":{"line":85,"column":5}}],"line":79},"7":{"loc":{"start":{"line":81,"column":11},"end":{"line":85,"column":5}},"type":"if","locations":[{"start":{"line":81,"column":11},"end":{"line":85,"column":5}},{"start":{"line":83,"column":11},"end":{"line":85,"column":5}}],"line":81}},"s":{"0":5,"1":5,"2":5,"3":3,"4":3,"5":3,"6":1,"7":2,"8":1,"9":1,"10":5,"11":3,"12":3,"13":3,"14":1,"15":2,"16":1,"17":1,"18":5,"19":3,"20":3,"21":1,"22":2,"23":1,"24":1,"25":5,"26":3,"27":3,"28":1,"29":2,"30":1,"31":1,"32":5,"33":3,"34":29,"35":29,"36":3,"37":3,"38":3,"39":3,"40":3,"41":3,"42":3,"43":3,"44":2},"f":{"0":5,"1":3,"2":3,"3":3,"4":3,"5":3,"6":29,"7":3,"8":3,"9":3,"10":3,"11":3,"12":3,"13":3,"14":3},"b":{"0":[1,2],"1":[1,1],"2":[1,2],"3":[1,1],"4":[1,2],"5":[1,1],"6":[1,2],"7":[1,1]},"_coverageSchema":"1a1c01bbd47fc00a2c39e90264f33305004495a9","hash":"33eca79f2a99d24878be6dac46c3efa1f3f866bf"}
}
