{"/Users/ngp1005/Desktop/native/formvalidationnative/App.tsx": {"path":"/Users/ngp1005/Desktop/native/formvalidationnative/App.tsx","statementMap":{"0":{"start":{"line":8,"column":4},"end":{"line":14,"column":6}}},"fnMap":{"0":{"name":"(anonymous_0)","decl":{"start":{"line":7,"column":2},"end":{"line":7,"column":3}},"loc":{"start":{"line":7,"column":11},"end":{"line":15,"column":3}},"line":7}},"branchMap":{},"s":{"0":1},"f":{"0":1},"b":{},"_coverageSchema":"1a1c01bbd47fc00a2c39e90264f33305004495a9","hash":"9c44b31ced4cdb9280195b128e59a7645a604093"}
,"/Users/ngp1005/Desktop/native/formvalidationnative/formdata/Formonchange.tsx": {"path":"/Users/ngp1005/Desktop/native/formvalidationnative/formdata/Formonchange.tsx","statementMap":{"0":{"start":{"line":23,"column":4},"end":{"line":23,"column":17}},"1":{"start":{"line":25,"column":4},"end":{"line":34,"column":6}},"2":{"start":{"line":37,"column":17},"end":{"line":47,"column":3}},"3":{"start":{"line":38,"column":19},"end":{"line":38,"column":29}},"4":{"start":{"line":40,"column":4},"end":{"line":46,"column":5}},"5":{"start":{"line":41,"column":6},"end":{"line":41,"column":58}},"6":{"start":{"line":42,"column":11},"end":{"line":46,"column":5}},"7":{"start":{"line":43,"column":6},"end":{"line":43,"column":76}},"8":{"start":{"line":45,"column":6},"end":{"line":45,"column":37}},"9":{"start":{"line":49,"column":18},"end":{"line":60,"column":3}},"10":{"start":{"line":50,"column":20},"end":{"line":50,"column":30}},"11":{"start":{"line":51,"column":23},"end":{"line":51,"column":51}},"12":{"start":{"line":53,"column":4},"end":{"line":59,"column":5}},"13":{"start":{"line":54,"column":6},"end":{"line":54,"column":61}},"14":{"start":{"line":55,"column":11},"end":{"line":59,"column":5}},"15":{"start":{"line":56,"column":6},"end":{"line":56,"column":64}},"16":{"start":{"line":58,"column":6},"end":{"line":58,"column":38}},"17":{"start":{"line":62,"column":21},"end":{"line":74,"column":3}},"18":{"start":{"line":63,"column":23},"end":{"line":63,"column":33}},"19":{"start":{"line":65,"column":4},"end":{"line":73,"column":5}},"20":{"start":{"line":66,"column":6},"end":{"line":66,"column":67}},"21":{"start":{"line":67,"column":11},"end":{"line":73,"column":5}},"22":{"start":{"line":68,"column":6},"end":{"line":70,"column":9}},"23":{"start":{"line":72,"column":6},"end":{"line":72,"column":41}},"24":{"start":{"line":76,"column":28},"end":{"line":86,"column":3}},"25":{"start":{"line":77,"column":40},"end":{"line":77,"column":50}},"26":{"start":{"line":79,"column":4},"end":{"line":85,"column":5}},"27":{"start":{"line":80,"column":6},"end":{"line":80,"column":76}},"28":{"start":{"line":81,"column":11},"end":{"line":85,"column":5}},"29":{"start":{"line":82,"column":6},"end":{"line":82,"column":70}},"30":{"start":{"line":84,"column":6},"end":{"line":84,"column":48}},"31":{"start":{"line":88,"column":17},"end":{"line":95,"column":3}},"32":{"start":{"line":89,"column":4},"end":{"line":94,"column":6}},"33":{"start":{"line":106,"column":8},"end":{"line":106,"column":18}},"34":{"start":{"line":108,"column":4},"end":{"line":166,"column":6}},"35":{"start":{"line":115,"column":12},"end":{"line":117,"column":15}},"36":{"start":{"line":116,"column":14},"end":{"line":116,"column":34}},"37":{"start":{"line":128,"column":12},"end":{"line":130,"column":15}},"38":{"start":{"line":129,"column":14},"end":{"line":129,"column":35}},"39":{"start":{"line":140,"column":12},"end":{"line":142,"column":15}},"40":{"start":{"line":141,"column":14},"end":{"line":141,"column":38}},"41":{"start":{"line":153,"column":12},"end":{"line":155,"column":15}},"42":{"start":{"line":154,"column":14},"end":{"line":154,"column":45}},"43":{"start":{"line":171,"column":15},"end":{"line":198,"column":2}}},"fnMap":{"0":{"name":"(anonymous_0)","decl":{"start":{"line":22,"column":2},"end":{"line":22,"column":3}},"loc":{"start":{"line":22,"column":25},"end":{"line":35,"column":3}},"line":22},"1":{"name":"(anonymous_1)","decl":{"start":{"line":37,"column":17},"end":{"line":37,"column":18}},"loc":{"start":{"line":37,"column":23},"end":{"line":47,"column":3}},"line":37},"2":{"name":"(anonymous_2)","decl":{"start":{"line":49,"column":18},"end":{"line":49,"column":19}},"loc":{"start":{"line":49,"column":24},"end":{"line":60,"column":3}},"line":49},"3":{"name":"(anonymous_3)","decl":{"start":{"line":62,"column":21},"end":{"line":62,"column":22}},"loc":{"start":{"line":62,"column":27},"end":{"line":74,"column":3}},"line":62},"4":{"name":"(anonymous_4)","decl":{"start":{"line":76,"column":28},"end":{"line":76,"column":29}},"loc":{"start":{"line":76,"column":34},"end":{"line":86,"column":3}},"line":76},"5":{"name":"(anonymous_5)","decl":{"start":{"line":88,"column":17},"end":{"line":88,"column":18}},"loc":{"start":{"line":88,"column":23},"end":{"line":95,"column":3}},"line":88},"6":{"name":"(anonymous_6)","decl":{"start":{"line":96,"column":2},"end":{"line":96,"column":3}},"loc":{"start":{"line":96,"column":11},"end":{"line":167,"column":3}},"line":96},"7":{"name":"(anonymous_7)","decl":{"start":{"line":114,"column":24},"end":{"line":114,"column":25}},"loc":{"start":{"line":114,"column":32},"end":{"line":118,"column":11}},"line":114},"8":{"name":"(anonymous_8)","decl":{"start":{"line":115,"column":34},"end":{"line":115,"column":35}},"loc":{"start":{"line":115,"column":40},"end":{"line":117,"column":13}},"line":115},"9":{"name":"(anonymous_9)","decl":{"start":{"line":127,"column":24},"end":{"line":127,"column":25}},"loc":{"start":{"line":127,"column":33},"end":{"line":131,"column":11}},"line":127},"10":{"name":"(anonymous_10)","decl":{"start":{"line":128,"column":35},"end":{"line":128,"column":36}},"loc":{"start":{"line":128,"column":41},"end":{"line":130,"column":13}},"line":128},"11":{"name":"(anonymous_11)","decl":{"start":{"line":139,"column":24},"end":{"line":139,"column":25}},"loc":{"start":{"line":139,"column":36},"end":{"line":143,"column":11}},"line":139},"12":{"name":"(anonymous_12)","decl":{"start":{"line":140,"column":38},"end":{"line":140,"column":39}},"loc":{"start":{"line":140,"column":44},"end":{"line":142,"column":13}},"line":140},"13":{"name":"(anonymous_13)","decl":{"start":{"line":152,"column":24},"end":{"line":152,"column":25}},"loc":{"start":{"line":152,"column":43},"end":{"line":156,"column":11}},"line":152},"14":{"name":"(anonymous_14)","decl":{"start":{"line":153,"column":45},"end":{"line":153,"column":46}},"loc":{"start":{"line":153,"column":51},"end":{"line":155,"column":13}},"line":153}},"branchMap":{"0":{"loc":{"start":{"line":40,"column":4},"end":{"line":46,"column":5}},"type":"if","locations":[{"start":{"line":40,"column":4},"end":{"line":46,"column":5}},{"start":{"line":42,"column":11},"end":{"line":46,"column":5}}],"line":40},"1":{"loc":{"start":{"line":42,"column":11},"end":{"line":46,"column":5}},"type":"if","locations":[{"start":{"line":42,"column":11},"end":{"line":46,"column":5}},{"start":{"line":44,"column":11},"end":{"line":46,"column":5}}],"line":42},"2":{"loc":{"start":{"line":53,"column":4},"end":{"line":59,"column":5}},"type":"if","locations":[{"start":{"line":53,"column":4},"end":{"line":59,"column":5}},{"start":{"line":55,"column":11},"end":{"line":59,"column":5}}],"line":53},"3":{"loc":{"start":{"line":55,"column":11},"end":{"line":59,"column":5}},"type":"if","locations":[{"start":{"line":55,"column":11},"end":{"line":59,"column":5}},{"start":{"line":57,"column":11},"end":{"line":59,"column":5}}],"line":55},"4":{"loc":{"start":{"line":65,"column":4},"end":{"line":73,"column":5}},"type":"if","locations":[{"start":{"line":65,"column":4},"end":{"line":73,"column":5}},{"start":{"line":67,"column":11},"end":{"line":73,"column":5}}],"line":65},"5":{"loc":{"start":{"line":67,"column":11},"end":{"line":73,"column":5}},"type":"if","locations":[{"start":{"line":67,"column":11},"end":{"line":73,"column":5}},{"start":{"line":71,"column":11},"end":{"line":73,"column":5}}],"line":67},"6":{"loc":{"start":{"line":79,"column":4},"end":{"line":85,"column":5}},"type":"if","locations":[{"start":{"line":79,"column":4},"end":{"line":85,"column":5}},{"start":{"line":81,"column":11},"end":{"line":85,"column":5}}],"line":79},"7":{"loc":{"start":{"line":81,"column":11},"end":{"line":85,"column":5}},"type":"if","locations":[{"start":{"line":81,"column":11},"end":{"line":85,"column":5}},{"start":{"line":83,"column":11},"end":{"line":85,"column":5}}],"line":81}},"s":{"0":7,"1":7,"2":7,"3":1,"4":1,"5":0,"6":1,"7":0,"8":1,"9":7,"10":1,"11":1,"12":1,"13":0,"14":1,"15":0,"16":1,"17":7,"18":1,"19":1,"20":0,"21":1,"22":0,"23":1,"24":7,"25":1,"26":1,"27":0,"28":1,"29":1,"30":0,"31":7,"32":1,"33":15,"34":15,"35":1,"36":1,"37":1,"38":1,"39":1,"40":1,"41":1,"42":1,"43":2},"f":{"0":7,"1":1,"2":1,"3":1,"4":1,"5":1,"6":15,"7":1,"8":1,"9":1,"10":1,"11":1,"12":1,"13":1,"14":1},"b":{"0":[0,1],"1":[0,1],"2":[0,1],"3":[0,1],"4":[0,1],"5":[0,1],"6":[0,1],"7":[1,0]},"_coverageSchema":"1a1c01bbd47fc00a2c39e90264f33305004495a9","hash":"c22353529f21773ef5649091ad23cf7328370740"}
}
