TN:
SF:App.tsx
FN:7,(anonymous_0)
FNF:1
FNH:1
FNDA:1,(anonymous_0)
DA:8,1
LF:1
LH:1
BRF:0
BRH:0
end_of_record
TN:
SF:formdata/Formonchange.tsx
FN:22,(anonymous_0)
FN:37,(anonymous_1)
FN:49,(anonymous_2)
FN:62,(anonymous_3)
FN:76,(anonymous_4)
FN:88,(anonymous_5)
FN:96,(anonymous_6)
FN:114,(anonymous_7)
FN:115,(anonymous_8)
FN:127,(anonymous_9)
FN:128,(anonymous_10)
FN:139,(anonymous_11)
FN:140,(anonymous_12)
FN:152,(anonymous_13)
FN:153,(anonymous_14)
FNF:15
FNH:15
FNDA:5,(anonymous_0)
FNDA:3,(anonymous_1)
FNDA:3,(anonymous_2)
FNDA:3,(anonymous_3)
FNDA:3,(anonymous_4)
FNDA:3,(anonymous_5)
FNDA:29,(anonymous_6)
FNDA:3,(anonymous_7)
FNDA:3,(anonymous_8)
FNDA:3,(anonymous_9)
FNDA:3,(anonymous_10)
FNDA:3,(anonymous_11)
FNDA:3,(anonymous_12)
FNDA:3,(anonymous_13)
FNDA:3,(anonymous_14)
DA:23,5
DA:25,5
DA:37,5
DA:38,3
DA:39,3
DA:40,3
DA:41,1
DA:42,2
DA:43,1
DA:45,1
DA:49,5
DA:50,3
DA:51,3
DA:53,3
DA:54,1
DA:55,2
DA:56,1
DA:58,1
DA:62,5
DA:63,3
DA:65,3
DA:66,1
DA:67,2
DA:68,1
DA:72,1
DA:76,5
DA:77,3
DA:79,3
DA:80,1
DA:81,2
DA:82,1
DA:84,1
DA:88,5
DA:89,3
DA:106,29
DA:108,29
DA:115,3
DA:116,3
DA:128,3
DA:129,3
DA:140,3
DA:141,3
DA:153,3
DA:154,3
DA:171,2
LF:45
LH:45
BRDA:40,0,0,1
BRDA:40,0,1,2
BRDA:42,1,0,1
BRDA:42,1,1,1
BRDA:53,2,0,1
BRDA:53,2,1,2
BRDA:55,3,0,1
BRDA:55,3,1,1
BRDA:65,4,0,1
BRDA:65,4,1,2
BRDA:67,5,0,1
BRDA:67,5,1,1
BRDA:79,6,0,1
BRDA:79,6,1,2
BRDA:81,7,0,1
BRDA:81,7,1,1
BRF:16
BRH:16
end_of_record
