TN:
SF:App.tsx
FN:7,(anonymous_0)
FNF:1
FNH:1
FNDA:1,(anonymous_0)
DA:8,1
LF:1
LH:1
BRF:0
BRH:0
end_of_record
TN:
SF:formdata/Formonchange.tsx
FN:22,(anonymous_0)
FN:37,(anonymous_1)
FN:49,(anonymous_2)
FN:62,(anonymous_3)
FN:76,(anonymous_4)
FN:88,(anonymous_5)
FN:96,(anonymous_6)
FN:114,(anonymous_7)
FN:115,(anonymous_8)
FN:127,(anonymous_9)
FN:128,(anonymous_10)
FN:139,(anonymous_11)
FN:140,(anonymous_12)
FN:152,(anonymous_13)
FN:153,(anonymous_14)
FNF:15
FNH:15
FNDA:7,(anonymous_0)
FNDA:1,(anonymous_1)
FNDA:1,(anonymous_2)
FNDA:1,(anonymous_3)
FNDA:1,(anonymous_4)
FNDA:1,(anonymous_5)
FNDA:15,(anonymous_6)
FNDA:1,(anonymous_7)
FNDA:1,(anonymous_8)
FNDA:1,(anonymous_9)
FNDA:1,(anonymous_10)
FNDA:1,(anonymous_11)
FNDA:1,(anonymous_12)
FNDA:1,(anonymous_13)
FNDA:1,(anonymous_14)
DA:23,7
DA:25,7
DA:37,7
DA:38,1
DA:40,1
DA:41,0
DA:42,1
DA:43,0
DA:45,1
DA:49,7
DA:50,1
DA:51,1
DA:53,1
DA:54,0
DA:55,1
DA:56,0
DA:58,1
DA:62,7
DA:63,1
DA:65,1
DA:66,0
DA:67,1
DA:68,0
DA:72,1
DA:76,7
DA:77,1
DA:79,1
DA:80,0
DA:81,1
DA:82,1
DA:84,0
DA:88,7
DA:89,1
DA:106,15
DA:108,15
DA:115,1
DA:116,1
DA:128,1
DA:129,1
DA:140,1
DA:141,1
DA:153,1
DA:154,1
DA:171,2
LF:44
LH:36
BRDA:40,0,0,0
BRDA:40,0,1,1
BRDA:42,1,0,0
BRDA:42,1,1,1
BRDA:53,2,0,0
BRDA:53,2,1,1
BRDA:55,3,0,0
BRDA:55,3,1,1
BRDA:65,4,0,0
BRDA:65,4,1,1
BRDA:67,5,0,0
BRDA:67,5,1,1
BRDA:79,6,0,0
BRDA:79,6,1,1
BRDA:81,7,0,1
BRDA:81,7,1,0
BRF:16
BRH:8
end_of_record
