<?xml version="1.0" encoding="UTF-8"?>
<coverage generated="1676355683329" clover="3.2.0">
  <project timestamp="1676355683329" name="All files">
    <metrics statements="12" coveredstatements="12" conditionals="20" coveredconditionals="20" methods="4" coveredmethods="3" elements="36" coveredelements="35" complexity="0" loc="12" ncloc="12" packages="1" files="1" classes="1"/>
    <file name="Signup.tsx" path="/Users/ngp1005/Desktop/native/drawernav/component/Signup.tsx">
      <metrics statements="12" coveredstatements="12" conditionals="20" coveredconditionals="20" methods="4" coveredmethods="3"/>
      <line num="13" count="1" type="stmt"/>
      <line num="32" count="1" type="stmt"/>
      <line num="33" count="7" type="stmt"/>
      <line num="34" count="6" type="stmt"/>
      <line num="35" count="6" type="stmt"/>
      <line num="36" count="6" type="stmt"/>
      <line num="37" count="6" type="stmt"/>
      <line num="38" count="6" type="stmt"/>
      <line num="54" count="6" type="stmt"/>
      <line num="77" count="70" type="stmt"/>
      <line num="142" count="4" type="stmt"/>
      <line num="155" count="1" type="stmt"/>
    </file>
  </project>
</coverage>
