{"/Users/ngp1005/Desktop/native/drawernav/component/Signup.tsx": {"path":"/Users/ngp1005/Desktop/native/drawernav/component/Signup.tsx","statementMap":{"0":{"start":{"line":13,"column":21},"end":{"line":30,"column":2}},"1":{"start":{"line":32,"column":15},"end":{"line":151,"column":1}},"2":{"start":{"line":33,"column":36},"end":{"line":33,"column":56}},"3":{"start":{"line":34,"column":34},"end":{"line":34,"column":54}},"4":{"start":{"line":35,"column":28},"end":{"line":35,"column":45}},"5":{"start":{"line":36,"column":34},"end":{"line":36,"column":51}},"6":{"start":{"line":37,"column":48},"end":{"line":37,"column":65}},"7":{"start":{"line":38,"column":26},"end":{"line":38,"column":43}},"8":{"start":{"line":54,"column":2},"end":{"line":150,"column":4}},"9":{"start":{"line":77,"column":10},"end":{"line":146,"column":17}},"10":{"start":{"line":142,"column":31},"end":{"line":142,"column":65}},"11":{"start":{"line":155,"column":15},"end":{"line":201,"column":2}}},"fnMap":{"0":{"name":"(anonymous_0)","decl":{"start":{"line":32,"column":15},"end":{"line":32,"column":16}},"loc":{"start":{"line":32,"column":31},"end":{"line":151,"column":1}},"line":32},"1":{"name":"(anonymous_1)","decl":{"start":{"line":65,"column":18},"end":{"line":65,"column":19}},"loc":{"start":{"line":65,"column":39},"end":{"line":68,"column":9}},"line":65},"2":{"name":"(anonymous_2)","decl":{"start":{"line":69,"column":9},"end":{"line":69,"column":10}},"loc":{"start":{"line":77,"column":10},"end":{"line":146,"column":17}},"line":77},"3":{"name":"(anonymous_3)","decl":{"start":{"line":142,"column":25},"end":{"line":142,"column":26}},"loc":{"start":{"line":142,"column":31},"end":{"line":142,"column":65}},"line":142}},"branchMap":{"0":{"loc":{"start":{"line":87,"column":15},"end":{"line":89,"column":20}},"type":"cond-expr","locations":[{"start":{"line":88,"column":14},"end":{"line":88,"column":45}},{"start":{"line":89,"column":16},"end":{"line":89,"column":20}}],"line":87},"1":{"loc":{"start":{"line":87,"column":15},"end":{"line":87,"column":52}},"type":"binary-expr","locations":[{"start":{"line":87,"column":15},"end":{"line":87,"column":31}},{"start":{"line":87,"column":35},"end":{"line":87,"column":52}}],"line":87},"2":{"loc":{"start":{"line":98,"column":13},"end":{"line":100,"column":20}},"type":"cond-expr","locations":[{"start":{"line":99,"column":14},"end":{"line":99,"column":44}},{"start":{"line":100,"column":16},"end":{"line":100,"column":20}}],"line":98},"3":{"loc":{"start":{"line":98,"column":13},"end":{"line":98,"column":48}},"type":"binary-expr","locations":[{"start":{"line":98,"column":13},"end":{"line":98,"column":28}},{"start":{"line":98,"column":32},"end":{"line":98,"column":48}}],"line":98},"4":{"loc":{"start":{"line":109,"column":13},"end":{"line":109,"column":79}},"type":"cond-expr","locations":[{"start":{"line":109,"column":45},"end":{"line":109,"column":72}},{"start":{"line":109,"column":75},"end":{"line":109,"column":79}}],"line":109},"5":{"loc":{"start":{"line":109,"column":13},"end":{"line":109,"column":42}},"type":"binary-expr","locations":[{"start":{"line":109,"column":13},"end":{"line":109,"column":25}},{"start":{"line":109,"column":29},"end":{"line":109,"column":42}}],"line":109},"6":{"loc":{"start":{"line":118,"column":13},"end":{"line":120,"column":20}},"type":"cond-expr","locations":[{"start":{"line":119,"column":14},"end":{"line":119,"column":44}},{"start":{"line":120,"column":16},"end":{"line":120,"column":20}}],"line":118},"7":{"loc":{"start":{"line":118,"column":13},"end":{"line":118,"column":48}},"type":"binary-expr","locations":[{"start":{"line":118,"column":13},"end":{"line":118,"column":28}},{"start":{"line":118,"column":32},"end":{"line":118,"column":48}}],"line":118},"8":{"loc":{"start":{"line":129,"column":13},"end":{"line":131,"column":20}},"type":"cond-expr","locations":[{"start":{"line":130,"column":14},"end":{"line":130,"column":51}},{"start":{"line":131,"column":16},"end":{"line":131,"column":20}}],"line":129},"9":{"loc":{"start":{"line":129,"column":13},"end":{"line":129,"column":62}},"type":"binary-expr","locations":[{"start":{"line":129,"column":13},"end":{"line":129,"column":35}},{"start":{"line":129,"column":39},"end":{"line":129,"column":62}}],"line":129}},"s":{"0":1,"1":1,"2":7,"3":6,"4":6,"5":6,"6":6,"7":6,"8":6,"9":70,"10":4,"11":1},"f":{"0":7,"1":0,"2":70,"3":4},"b":{"0":[2,68],"1":[70,29],"2":[2,68],"3":[70,31],"4":[2,68],"5":[70,33],"6":[2,68],"7":[70,35],"8":[2,68],"9":[70,36]},"_coverageSchema":"1a1c01bbd47fc00a2c39e90264f33305004495a9","hash":"a4587c56aca8d1efa2a49bc21cae68cd63f68cfb"}
}
