TN:
SF:component/Signup.tsx
FN:32,(anonymous_0)
FN:65,(anonymous_1)
FN:69,(anonymous_2)
FN:142,(anonymous_3)
FNF:4
FNH:3
FNDA:7,(anonymous_0)
FNDA:0,(anonymous_1)
FNDA:70,(anonymous_2)
FNDA:4,(anonymous_3)
DA:13,1
DA:32,1
DA:33,7
DA:34,6
DA:35,6
DA:36,6
DA:37,6
DA:38,6
DA:54,6
DA:77,70
DA:142,4
DA:155,1
LF:12
LH:12
BRDA:87,0,0,2
BRDA:87,0,1,68
BRDA:87,1,0,70
BRDA:87,1,1,29
BRDA:98,2,0,2
BRDA:98,2,1,68
BRDA:98,3,0,70
BRDA:98,3,1,31
BRDA:109,4,0,2
BRDA:109,4,1,68
BRDA:109,5,0,70
BRDA:109,5,1,33
BRDA:118,6,0,2
BRDA:118,6,1,68
BRDA:118,7,0,70
BRDA:118,7,1,35
BRDA:129,8,0,2
BRDA:129,8,1,68
BRDA:129,9,0,70
BRDA:129,9,1,36
BRF:20
BRH:20
end_of_record
